c:\users\kamna\source\repos\consoleapplication1\consoleapplication1\debug\consoleapplication1.pch
c:\users\kamna\source\repos\consoleapplication1\consoleapplication1\debug\vc141.pdb
c:\users\kamna\source\repos\consoleapplication1\consoleapplication1\debug\vc141.idb
c:\users\kamna\source\repos\consoleapplication1\consoleapplication1\debug\stdafx.obj
c:\users\kamna\source\repos\consoleapplication1\consoleapplication1\debug\consoleapplication1.obj
c:\users\kamna\source\repos\consoleapplication1\consoleapplication1\debug\edgesnmsmex.obj
c:\users\kamna\source\repos\consoleapplication1\consoleapplication1\debug\edgeboxesmex.obj
c:\users\kamna\source\repos\consoleapplication1\consoleapplication1\debug\edgesdetectmex.obj
c:\users\kamna\source\repos\consoleapplication1\consoleapplication1\debug\spdetectmex.obj
c:\users\kamna\source\repos\consoleapplication1\debug\consoleapplication1.pdb
c:\users\kamna\source\repos\consoleapplication1\consoleapplication1\debug\consolea.f99c21de.tlog\cl.command.1.tlog
c:\users\kamna\source\repos\consoleapplication1\consoleapplication1\debug\consolea.f99c21de.tlog\cl.read.1.tlog
c:\users\kamna\source\repos\consoleapplication1\consoleapplication1\debug\consolea.f99c21de.tlog\cl.write.1.tlog
c:\users\kamna\source\repos\consoleapplication1\consoleapplication1\debug\consolea.f99c21de.tlog\link-cvtres.read.1.tlog
c:\users\kamna\source\repos\consoleapplication1\consoleapplication1\debug\consolea.f99c21de.tlog\link-cvtres.write.1.tlog
c:\users\kamna\source\repos\consoleapplication1\consoleapplication1\debug\consolea.f99c21de.tlog\link-rc.read.1.tlog
c:\users\kamna\source\repos\consoleapplication1\consoleapplication1\debug\consolea.f99c21de.tlog\link-rc.write.1.tlog
c:\users\kamna\source\repos\consoleapplication1\consoleapplication1\debug\consolea.f99c21de.tlog\link.command.1.tlog
c:\users\kamna\source\repos\consoleapplication1\consoleapplication1\debug\consolea.f99c21de.tlog\link.read.1.tlog
c:\users\kamna\source\repos\consoleapplication1\consoleapplication1\debug\consolea.f99c21de.tlog\link.write.1.tlog
