c:\users\kamna\source\repos\consoleapplication1\consoleapplication1\x64\debug\consoleapplication1.pch
c:\users\kamna\source\repos\consoleapplication1\consoleapplication1\x64\debug\vc141.pdb
c:\users\kamna\source\repos\consoleapplication1\consoleapplication1\x64\debug\vc141.idb
c:\users\kamna\source\repos\consoleapplication1\consoleapplication1\x64\debug\stdafx.obj
c:\users\kamna\source\repos\consoleapplication1\consoleapplication1\x64\debug\consoleapplication1.obj
c:\users\kamna\source\repos\consoleapplication1\consoleapplication1\x64\debug\edgeboxesmex.obj
c:\users\kamna\source\repos\consoleapplication1\consoleapplication1\x64\debug\edgesdetectmex.obj
c:\users\kamna\source\repos\consoleapplication1\consoleapplication1\x64\debug\edgesnmsmex.obj
c:\users\kamna\source\repos\consoleapplication1\consoleapplication1\x64\debug\spdetectmex.obj
c:\users\kamna\source\repos\consoleapplication1\x64\debug\consoleapplication1.lib
c:\users\kamna\source\repos\consoleapplication1\x64\debug\consoleapplication1.exp
c:\users\kamna\source\repos\consoleapplication1\x64\debug\consoleapplication1.ilk
c:\users\kamna\source\repos\consoleapplication1\x64\debug\consoleapplication1.mexw64
c:\users\kamna\source\repos\consoleapplication1\x64\debug\consoleapplication1.pdb
c:\users\kamna\source\repos\consoleapplication1\consoleapplication1\x64\debug\consoleapplication1.ilk
c:\users\kamna\source\repos\consoleapplication1\consoleapplication1\x64\debug\consoleapplication1.exp
c:\users\kamna\source\repos\consoleapplication1\consoleapplication1\x64\debug\consoleapplication1.pdb
c:\users\kamna\source\repos\consoleapplication1\consoleapplication1\x64\debug\consolea.f99c21de.tlog\cl.command.1.tlog
c:\users\kamna\source\repos\consoleapplication1\consoleapplication1\x64\debug\consolea.f99c21de.tlog\cl.read.1.tlog
c:\users\kamna\source\repos\consoleapplication1\consoleapplication1\x64\debug\consolea.f99c21de.tlog\cl.write.1.tlog
c:\users\kamna\source\repos\consoleapplication1\consoleapplication1\x64\debug\consolea.f99c21de.tlog\consoleapplication1.write.1u.tlog
c:\users\kamna\source\repos\consoleapplication1\consoleapplication1\x64\debug\consolea.f99c21de.tlog\link.command.1.tlog
c:\users\kamna\source\repos\consoleapplication1\consoleapplication1\x64\debug\consolea.f99c21de.tlog\link.read.1.tlog
c:\users\kamna\source\repos\consoleapplication1\consoleapplication1\x64\debug\consolea.f99c21de.tlog\link.write.1.tlog
